<?xml version="1.0" encoding="UTF-8"?>
<!-- Generated by org.testng.reporters.JUnitReportReporter -->
<testsuite skipped="0" hostname="991e70ccaa5b" name="todos.todoscrud.FilterTests" tests="1" failures="0" timestamp="20 Sep 2020 09:49:11 GMT" time="2.612" errors="0">
  <testcase name="activeFilter" time="2.612" classname="todos.todoscrud.FilterTests"/>
</testsuite> <!-- todos.todoscrud.FilterTests -->
