<?xml version="1.0" encoding="UTF-8"?>
<!-- Generated by org.testng.reporters.JUnitReportReporter -->
<testsuite skipped="0" hostname="991e70ccaa5b" name="todos.todoscrud.CRUDToDoTest" tests="6" failures="0" timestamp="20 Sep 2020 09:49:11 GMT" time="3.974" errors="0">
  <testcase name="CompleteTodo" time="1.175" classname="todos.todoscrud.CRUDToDoTest"/>
  <testcase name="verifyAddedItemPresentinTodoList" time="0.089" classname="todos.todoscrud.CRUDToDoTest"/>
  <testcase name="comleteFilter" time="0.315" classname="todos.todoscrud.CRUDToDoTest"/>
  <testcase name="activeFilter" time="0.245" classname="todos.todoscrud.CRUDToDoTest"/>
  <testcase name="deleteTodo" time="0.001" classname="todos.todoscrud.CRUDToDoTest"/>
  <testcase name="addTodoItems" time="2.149" classname="todos.todoscrud.CRUDToDoTest"/>
</testsuite> <!-- todos.todoscrud.CRUDToDoTest -->
