<?xml version="1.0" encoding="UTF-8"?>
<!-- Generated by org.testng.reporters.JUnitReportReporter -->
<testsuite hostname="DESKTOP-M7EUR2I" failures="0" tests="1" name="todos.todoscrud.CompleteToDo" time="0.000" errors="0" timestamp="17 Sep 2020 08:39:51 GMT" skipped="1">
  <testcase classname="todos.todoscrud.CompleteToDo" name="selectTodoItem" time="0.000">
    <skipped/>
  </testcase> <!-- selectTodoItem -->
</testsuite> <!-- todos.todoscrud.CompleteToDo -->
