<?xml version="1.0" encoding="UTF-8"?>
<!-- Generated by org.testng.reporters.JUnitReportReporter -->
<testsuite hostname="DESKTOP-M7EUR2I" failures="0" tests="6" name="todos.todoscrud.CRUDToDoTest" time="2.648" errors="0" timestamp="18 Sep 2020 15:45:06 GMT" skipped="0">
  <testcase classname="todos.todoscrud.CRUDToDoTest" name="addTodoItems" time="1.456"/>
  <testcase classname="todos.todoscrud.CRUDToDoTest" name="activeFilter" time="0.311"/>
  <testcase classname="todos.todoscrud.CRUDToDoTest" name="deleteTodo" time="0.006"/>
  <testcase classname="todos.todoscrud.CRUDToDoTest" name="verifyAddedItemPresentinTodoList" time="0.149"/>
  <testcase classname="todos.todoscrud.CRUDToDoTest" name="comleteFilter" time="0.284"/>
  <testcase classname="todos.todoscrud.CRUDToDoTest" name="CompleteTodo" time="0.442"/>
</testsuite> <!-- todos.todoscrud.CRUDToDoTest -->
