<?xml version="1.0" encoding="UTF-8"?>
<!-- Generated by org.testng.reporters.JUnitReportReporter -->
<testsuite hostname="DESKTOP-M7EUR2I" failures="0" tests="1" name="commonLib.utilLib" time="0.025" errors="0" timestamp="17 Sep 2020 11:26:02 GMT" skipped="0">
  <testcase classname="commonLib.utilLib" name="fetchTodoListFromFile" time="0.025"/>
</testsuite> <!-- commonLib.utilLib -->
