<?xml version="1.0" encoding="UTF-8"?>
<!-- Generated by org.testng.reporters.JUnitReportReporter -->
<testsuite hostname="DESKTOP-M7EUR2I" failures="0" tests="5" name="todos.todoscrud.CreateToDo" time="1.883" errors="0" timestamp="17 Sep 2020 09:38:23 GMT" skipped="0">
  <testcase classname="todos.todoscrud.CreateToDo" name="deleteTodo" time="0.000"/>
  <testcase classname="todos.todoscrud.CreateToDo" name="activeFilter" time="0.153"/>
  <testcase classname="todos.todoscrud.CreateToDo" name="CompleteTodo" time="0.255"/>
  <testcase classname="todos.todoscrud.CreateToDo" name="addTodoItems" time="1.350"/>
  <testcase classname="todos.todoscrud.CreateToDo" name="verifyAddedItemPresentinTodoList" time="0.125"/>
</testsuite> <!-- todos.todoscrud.CreateToDo -->
