<?xml version="1.0" encoding="UTF-8"?>
<!-- Generated by org.testng.reporters.JUnitReportReporter -->
<testsuite hostname="DESKTOP-M7EUR2I" failures="0" tests="6" name="todos.todoscrud.CRUDToDoTest" time="1.889" errors="0" timestamp="18 Sep 2020 16:47:46 GMT" skipped="0">
  <testcase classname="todos.todoscrud.CRUDToDoTest" name="CompleteTodo" time="0.254"/>
  <testcase classname="todos.todoscrud.CRUDToDoTest" name="addTodoItems" time="1.337"/>
  <testcase classname="todos.todoscrud.CRUDToDoTest" name="deleteTodo" time="0.001"/>
  <testcase classname="todos.todoscrud.CRUDToDoTest" name="activeFilter" time="0.131"/>
  <testcase classname="todos.todoscrud.CRUDToDoTest" name="verifyAddedItemPresentinTodoList" time="0.025"/>
  <testcase classname="todos.todoscrud.CRUDToDoTest" name="comleteFilter" time="0.141"/>
</testsuite> <!-- todos.todoscrud.CRUDToDoTest -->
