<?xml version="1.0" encoding="UTF-8"?>
<!-- Generated by org.testng.reporters.JUnitReportReporter -->
<testsuite hostname="DESKTOP-M7EUR2I" failures="0" tests="6" name="todos.todoscrud.CRUDToDoTest" time="2.182" errors="0" timestamp="17 Sep 2020 11:48:56 GMT" skipped="0">
  <testcase classname="todos.todoscrud.CRUDToDoTest" name="comleteFilter" time="0.178"/>
  <testcase classname="todos.todoscrud.CRUDToDoTest" name="verifyAddedItemPresentinTodoList" time="0.044"/>
  <testcase classname="todos.todoscrud.CRUDToDoTest" name="activeFilter" time="0.313"/>
  <testcase classname="todos.todoscrud.CRUDToDoTest" name="addTodoItems" time="1.335"/>
  <testcase classname="todos.todoscrud.CRUDToDoTest" name="CompleteTodo" time="0.311"/>
  <testcase classname="todos.todoscrud.CRUDToDoTest" name="deleteTodo" time="0.001"/>
</testsuite> <!-- todos.todoscrud.CRUDToDoTest -->
