<?xml version="1.0" encoding="UTF-8"?>
<!-- Generated by org.testng.reporters.JUnitReportReporter -->
<testsuite hostname="DESKTOP-M7EUR2I" failures="0" tests="6" name="todos.todoscrud.CRUDToDo" time="2.443" errors="0" timestamp="17 Sep 2020 11:30:04 GMT" skipped="0">
  <testcase classname="todos.todoscrud.CRUDToDo" name="addTodoItems" time="1.464"/>
  <testcase classname="todos.todoscrud.CRUDToDo" name="deleteTodo" time="0.002"/>
  <testcase classname="todos.todoscrud.CRUDToDo" name="CompleteTodo" time="0.376"/>
  <testcase classname="todos.todoscrud.CRUDToDo" name="activeFilter" time="0.213"/>
  <testcase classname="todos.todoscrud.CRUDToDo" name="comleteFilter" time="0.348"/>
  <testcase classname="todos.todoscrud.CRUDToDo" name="verifyAddedItemPresentinTodoList" time="0.040"/>
</testsuite> <!-- todos.todoscrud.CRUDToDo -->
