<?xml version="1.0" encoding="UTF-8"?>
<!-- Generated by org.testng.reporters.JUnitReportReporter -->
<testsuite hostname="DESKTOP-M7EUR2I" failures="0" tests="1" name="todos.todoscrud.FilterTests" time="2.096" errors="0" timestamp="20 Sep 2020 05:02:19 GMT" skipped="0">
  <testcase classname="todos.todoscrud.FilterTests" name="activeFilter" time="2.096"/>
</testsuite> <!-- todos.todoscrud.FilterTests -->
