<?xml version="1.0" encoding="UTF-8"?>
<!-- Generated by org.testng.reporters.JUnitReportReporter -->
<testsuite hostname="DESKTOP-M7EUR2I" failures="0" tests="1" name="todos.todoscrud.launchPage" time="6.540" errors="0" timestamp="17 Sep 2020 08:16:43 GMT" skipped="0">
  <testcase classname="todos.todoscrud.launchPage" name="toDoCreate" time="6.540"/>
</testsuite> <!-- todos.todoscrud.launchPage -->
